make all --print-data-base --no-builtin-variables --no-builtin-rules --question
# GNU Make 4.2.1
# Built for x86_64-pc-linux-gnu
# Copyright (C) 1988-2016 Free Software Foundation, Inc.
# License GPLv3+: GNU GPL version 3 or later <http://gnu.org/licenses/gpl.html>
# This is free software: you are free to change and redistribute it.
# There is NO WARRANTY, to the extent permitted by law.

# Make data base, printed on Fri Aug  5 11:53:39 2022

# Variables

# automatic
<D = $(patsubst %/,%,$(dir $<))
# automatic
?F = $(notdir $?)
# default
.SHELLFLAGS := -c
# environment
XDG_SESSION_CLASS = user
# environment
VSCODE_AGENT_FOLDER = /home/yi/.vscode-server
# makefile (from 'Makefile', line 41)
multipath-objs := md-multipath.o
# environment
XDG_SESSION_TYPE = tty
# makefile (from 'Makefile', line 19)
dm-io-affinity-objs := dm-ps-io-affinity.o
# automatic
?D = $(patsubst %/,%,$(dir $?))
# automatic
@D = $(patsubst %/,%,$(dir $@))
# automatic
@F = $(notdir $@)
# default
MAKE_VERSION := 4.2.1
# makefile
CURDIR := /home/yi/kernel/ScalaRAID
# makefile
SHELL = /bin/sh
# environment
VSCODE_NLS_CONFIG = {"locale":"zh-cn","availableLanguages":{"*":"zh-cn"},"_languagePackId":"1d735750dbb1b9066c7513078396ba0f.zh-cn","_translationsConfigFile":"/home/yi/.vscode-server/data/clp/1d735750dbb1b9066c7513078396ba0f.zh-cn/tcf.json","_cacheRoot":"/home/yi/.vscode-server/data/clp/1d735750dbb1b9066c7513078396ba0f.zh-cn","_resolvedLanguagePackCoreLocation":"/home/yi/.vscode-server/data/clp/1d735750dbb1b9066c7513078396ba0f.zh-cn/3b889b090b5ad5793f524b5d1d39fda662b96a2a","_corruptedFile":"/home/yi/.vscode-server/data/clp/1d735750dbb1b9066c7513078396ba0f.zh-cn/corrupted.info","_languagePackSupport":true}
# environment
_ = /home/yi/.vscode-server/bin/3b889b090b5ad5793f524b5d1d39fda662b96a2a/node
# makefile (from 'Makefile', line 14)
dm-mod-objs := dm.o dm-table.o dm-target.o dm-linear.o dm-stripe.o dm-ioctl.o dm-io.o dm-kcopyd.o dm-sysfs.o dm-stats.o dm-rq.o
# makefile (from 'Makefile', line 40)
linear-objs := md-linear.o
# makefile (from 'Makefile', line 28)
dm-thin-pool-objs := dm-thin.o dm-thin-metadata.o
# makefile (from 'Makefile', line 1)
MAKEFILE_LIST :=  Makefile
# 'override' directive
GNUMAKEFLAGS := 
# environment
MAKELEVEL := 0
# environment
XDG_DATA_DIRS = /usr/local/share:/usr/share:/var/lib/snapd/desktop
# environment
DBUS_SESSION_BUS_ADDRESS = unix:path=/run/user/1002/bus
# makefile (from 'Makefile', line 18)
dm-historical-service-time-objs := dm-ps-historical-service-time.o
# makefile (from 'Makefile', line 20)
dm-queue-length-objs := dm-ps-queue-length.o
# environment
LESSOPEN = | /usr/bin/lesspipe %s
# environment
LC_NAME = zh_CN.UTF-8
# environment
VSCODE_CWD = /home/yi
# makefile (from 'Makefile', line 39)
raid456-objs := raid5.o raid5-cache.o raid5-ppl.o
# environment
SSH_CONNECTION = 222.29.38.1 1375 192.168.31.131 22
# makefile (from 'Makefile', line 31)
dm-cache-smq-objs := dm-cache-policy-smq.o
# environment
PATH = /home/yi/.vscode-server/bin/3b889b090b5ad5793f524b5d1d39fda662b96a2a/bin/remote-cli:/home/yi/miniconda3/bin:/home/yi/miniconda3/condabin:/usr/local/sbin:/usr/local/bin:/usr/sbin:/usr/bin:/sbin:/bin:/usr/games:/usr/local/games:/snap/bin
# environment
XDG_RUNTIME_DIR = /run/user/1002
# makefile (from 'Makefile', line 42)
faulty-objs := md-faulty.o
# makefile (from 'Makefile', line 17)
dm-multipath-objs := dm-path-selector.o dm-mpath.o
# environment
CONDA_PREFIX = /home/yi/miniconda3
# environment
ELECTRON_RUN_AS_NODE = 1
# environment
VSCODE_IPC_HOOK_CLI = /run/user/1002/vscode-ipc-d8309b3b-e537-47fa-bce8-4fa6f42ca484.sock
# makefile (from 'Makefile', line 21)
dm-round-robin-objs := dm-ps-round-robin.o
# makefile (from 'Makefile', line 1)
LINUXROOT = /lib/modules/$(shell uname -r)/build
# default
.FEATURES := target-specific order-only second-expansion else-if shortest-stem undefine oneshell archives jobserver output-sync check-symlink load
# environment
LS_COLORS = 
# automatic
%F = $(notdir $%)
# environment
CONDA_EXE = /home/yi/miniconda3/bin/conda
# makefile (from 'Makefile', line 36)
dm-zoned-objs := dm-zoned-target.o dm-zoned-metadata.o dm-zoned-reclaim.o
# makefile (from 'Makefile', line 23)
dm-snapshot-objs := dm-snap.o dm-exception-store.o dm-snap-transient.o dm-snap-persistent.o
# makefile (from 'Makefile', line 33)
dm-era-objs := dm-era-target.o
# makefile (from 'Makefile', line 2)
PWD := /home/yi/kernel/ScalaRAID
# default
.LOADED := 
# automatic
*D = $(patsubst %/,%,$(dir $*))
# environment
VSCODE_AMD_ENTRYPOINT = vs/workbench/api/node/extensionHostProcess
# environment
HOME = /home/yi
# environment
LESSCLOSE = /usr/bin/lesspipe %s %s
# environment
LOGNAME = yi
# environment
APPLICATION_INSIGHTS_NO_DIAGNOSTIC_CHANNEL = 1
# environment
CONDA_PROMPT_MODIFIER = (base) 
# automatic
+F = $(notdir $+)
# environment
VSCODE_HANDLES_UNCAUGHT_ERRORS = true
# automatic
^D = $(patsubst %/,%,$(dir $^))
# makefile (from 'Makefile', line 12)
obj-m = raid1.o raid10.o raid456.o md-mod.o
# environment
LC_TIME = zh_CN.UTF-8
# environment
CONDA_DEFAULT_ENV = base
# default
MAKE = $(MAKE_COMMAND)
# default
MAKECMDGOALS := all
# environment
SHLVL = 0
# environment
XDG_SESSION_ID = 146
# environment
USER = yi
# environment
LC_MONETARY = zh_CN.UTF-8
# makefile
.DEFAULT_GOAL := all
# makefile (from 'Makefile', line 26)
dm-log-userspace-objs := dm-log-userspace-base.o dm-log-userspace-transfer.o
# automatic
%D = $(patsubst %/,%,$(dir $%))
# environment
LC_TELEPHONE = zh_CN.UTF-8
# environment
CONDA_SHLVL = 1
# default
MAKE_COMMAND := make
# makefile (from 'Makefile', line 29)
dm-cache-objs := dm-cache-target.o dm-cache-metadata.o dm-cache-policy.o dm-cache-background-tracker.o
# environment
OLDPWD = /home/yi/.vscode-server/bin/3b889b090b5ad5793f524b5d1d39fda662b96a2a
# default
.VARIABLES := 
# automatic
*F = $(notdir $*)
# makefile
MAKEFLAGS = pqrR
# environment
MFLAGS = -pqrR
# environment
SSH_CLIENT = 222.29.38.1 1375 22
# automatic
+D = $(patsubst %/,%,$(dir $+))
# environment
BROWSER = /home/yi/.vscode-server/bin/3b889b090b5ad5793f524b5d1d39fda662b96a2a/bin/helpers/browser.sh
# environment
VSCODE_HANDLES_SIGPIPE = true
# makefile (from 'Makefile', line 25)
dm-mirror-objs := dm-raid1.o
# 'override' directive
.SHELLSTATUS := 0
# default
MAKEFILES := 
# makefile (from 'Makefile', line 38)
md-mod-objs := md.o md-bitmap.o
# environment
LC_NUMERIC = zh_CN.UTF-8
# automatic
<F = $(notdir $<)
# automatic
^F = $(notdir $^)
# environment
LC_MEASUREMENT = zh_CN.UTF-8
# makefile (from 'Makefile', line 34)
dm-clone-objs := dm-clone-target.o dm-clone-metadata.o
# makefile (from 'Makefile', line 27)
dm-bio-prison-objs := dm-bio-prison-v1.o dm-bio-prison-v2.o
# environment
LC_ALL = C
# makefile (from 'Makefile', line 22)
dm-service-time-objs := dm-ps-service-time.o
# environment
CONDA_PYTHON_EXE = /home/yi/miniconda3/bin/python
# environment
LC_PAPER = zh_CN.UTF-8
# default
SUFFIXES := 
# makefile (from 'Makefile', line 35)
dm-verity-objs := dm-verity-target.o
# environment
_CE_M = 
# default
.INCLUDE_DIRS = /usr/include /usr/local/include /usr/include
# environment
LC_IDENTIFICATION = zh_CN.UTF-8
# makefile (from 'Makefile', line 32)
dm-ebs-objs := dm-ebs-target.o
# default
.RECIPEPREFIX := 
# environment
LC_ADDRESS = zh_CN.UTF-8
# default
MAKE_HOST := x86_64-pc-linux-gnu
# environment
LANG = C
# environment
MOTD_SHOWN = pam
# environment
_CE_CONDA = 
# variable set hash-table stats:
# Load=111/1024=11%, Rehash=0, Collisions=20/155=13%

# Pattern-specific Variable Values

# No pattern-specific variable values.

# Directories

# . (device 2050, inode 17039619): 10 files, no impossibilities.

# 10 files, no impossibilities in 1 directories.

# Implicit Rules

# No implicit rules.

# Files

# 'override' directive
all: .SHELLSTATUS := 0
all:
#  Command line target.
#  Implicit rule search has not been done.
#  Implicit/static pattern stem: ''
#  File does not exist.
#  File has been updated.
#  Needs to be updated (-q is set).
# automatic
# @ := all
# automatic
# % := 
# automatic
# * := 
# automatic
# + := 
# automatic
# | := 
# automatic
# < := 
# automatic
# ^ := 
# automatic
# ? := 
# variable set hash-table stats:
 
# Load=9/32=28%, Rehash=0, Collisions=3/17=18%
#  recipe to execute (from 'Makefile', line 5):
	make -C $(LINUXROOT) M=$(PWD) modules

# Not a target:
.SUFFIXES:
#  Implicit rule search has not been done.
#  Modification time never checked.
#  File has not been updated.

# Not a target:
Makefile:
#  Implicit rule search has been done.
#  Last modified 2022-05-28 19:40:12.001286503
#  File has been updated.
#  Successfully updated.

# Not a target:
.DEFAULT:
#  Implicit rule search has not been done.
#  Modification time never checked.
#  File has not been updated.

clean:
#  Implicit rule search has not been done.
#  Modification time never checked.
#  File has not been updated.
#  recipe to execute (from 'Makefile', line 7):
	rm -rf *.o *.cmd *.ko *.mod.c *.tmp_versions

# files hash-table stats:
# Load=5/1024=0%, Rehash=0, Collisions=0/17=0%
# VPATH Search Paths

# No 'vpath' search paths.

# No general ('VPATH' variable) search path.

# strcache buffers: 1 (0) / strings = 16 / storage = 135 B / avg = 8 B
# current buf: size = 8162 B / used = 135 B / count = 16 / avg = 8 B

# strcache performance: lookups = 24 / hit rate = 33%
# hash-table stats:
# Load=16/8192=0%, Rehash=0, Collisions=1/24=4%
# Finished Make data base on Fri Aug  5 11:53:39 2022

 
